c:\users\alexe\documents\github\engine-comp703-alexemeny\engine-comp703\engine-comp703\x64\release\vc143.pdb
c:\users\alexe\documents\github\engine-comp703-alexemeny\engine-comp703\engine-comp703\x64\release\portalteleportationhandler.obj
c:\users\alexe\documents\github\engine-comp703-alexemeny\engine-comp703\engine-comp703\x64\release\portal.obj
c:\users\alexe\documents\github\engine-comp703-alexemeny\engine-comp703\engine-comp703\x64\release\hierarchy.obj
c:\users\alexe\documents\github\engine-comp703-alexemeny\engine-comp703\engine-comp703\x64\release\cameracontroller.obj
c:\users\alexe\documents\github\engine-comp703-alexemeny\engine-comp703\engine-comp703\x64\release\window.obj
c:\users\alexe\documents\github\engine-comp703-alexemeny\engine-comp703\engine-comp703\x64\release\transform.obj
c:\users\alexe\documents\github\engine-comp703-alexemeny\engine-comp703\engine-comp703\x64\release\textureresource.obj
c:\users\alexe\documents\github\engine-comp703-alexemeny\engine-comp703\engine-comp703\x64\release\shaderresource.obj
c:\users\alexe\documents\github\engine-comp703-alexemeny\engine-comp703\engine-comp703\x64\release\resourceparent.obj
c:\users\alexe\documents\github\engine-comp703-alexemeny\engine-comp703\engine-comp703\x64\release\module.obj
c:\users\alexe\documents\github\engine-comp703-alexemeny\engine-comp703\engine-comp703\x64\release\modelresource.obj
c:\users\alexe\documents\github\engine-comp703-alexemeny\engine-comp703\engine-comp703\x64\release\modelhandler.obj
c:\users\alexe\documents\github\engine-comp703-alexemeny\engine-comp703\engine-comp703\x64\release\main.obj
c:\users\alexe\documents\github\engine-comp703-alexemeny\engine-comp703\engine-comp703\x64\release\linerenderer.obj
c:\users\alexe\documents\github\engine-comp703-alexemeny\engine-comp703\engine-comp703\x64\release\input.obj
c:\users\alexe\documents\github\engine-comp703-alexemeny\engine-comp703\engine-comp703\x64\release\environment.obj
c:\users\alexe\documents\github\engine-comp703-alexemeny\engine-comp703\engine-comp703\x64\release\entity.obj
c:\users\alexe\documents\github\engine-comp703-alexemeny\engine-comp703\engine-comp703\x64\release\core.obj
c:\users\alexe\documents\github\engine-comp703-alexemeny\engine-comp703\engine-comp703\x64\release\component.obj
c:\users\alexe\documents\github\engine-comp703-alexemeny\engine-comp703\engine-comp703\x64\release\camera.obj
c:\users\alexe\documents\github\engine-comp703-alexemeny\engine-comp703\engine-comp703\x64\release\rigidbody.obj
c:\users\alexe\documents\github\engine-comp703-alexemeny\engine-comp703\engine-comp703\x64\release\physicscore.obj
c:\users\alexe\documents\github\engine-comp703-alexemeny\engine-comp703\engine-comp703\x64\release\physicscomponent.obj
c:\users\alexe\documents\github\engine-comp703-alexemeny\engine-comp703\engine-comp703\x64\release\boxcollider.obj
c:\users\alexe\documents\github\engine-comp703-alexemeny\engine-comp703\engine-comp703\x64\release\vbo.obj
c:\users\alexe\documents\github\engine-comp703-alexemeny\engine-comp703\engine-comp703\x64\release\vao.obj
c:\users\alexe\documents\github\engine-comp703-alexemeny\engine-comp703\engine-comp703\x64\release\graphicstexturehandler.obj
c:\users\alexe\documents\github\engine-comp703-alexemeny\engine-comp703\engine-comp703\x64\release\graphicsshaderhandler.obj
c:\users\alexe\documents\github\engine-comp703-alexemeny\engine-comp703\engine-comp703\x64\release\graphicsrendertexturehandler.obj
c:\users\alexe\documents\github\engine-comp703-alexemeny\engine-comp703\engine-comp703\x64\release\graphicsmodelhandler.obj
c:\users\alexe\documents\github\engine-comp703-alexemeny\engine-comp703\x64\release\engine-comp703.exe
c:\users\alexe\documents\github\engine-comp703-alexemeny\engine-comp703\x64\release\engine-comp703.pdb
c:\users\alexe\documents\github\engine-comp703-alexemeny\engine-comp703\engine-comp703\x64\release\engine-comp703.ipdb
c:\users\alexe\documents\github\engine-comp703-alexemeny\engine-comp703\engine-comp703\x64\release\engine-comp703.iobj
c:\users\alexe\documents\github\engine-comp703-alexemeny\engine-comp703\engine-comp703\x64\release\engine-comp703.tlog\cl.command.1.tlog
c:\users\alexe\documents\github\engine-comp703-alexemeny\engine-comp703\engine-comp703\x64\release\engine-comp703.tlog\cl.items.tlog
c:\users\alexe\documents\github\engine-comp703-alexemeny\engine-comp703\engine-comp703\x64\release\engine-comp703.tlog\cl.read.1.tlog
c:\users\alexe\documents\github\engine-comp703-alexemeny\engine-comp703\engine-comp703\x64\release\engine-comp703.tlog\cl.write.1.tlog
c:\users\alexe\documents\github\engine-comp703-alexemeny\engine-comp703\engine-comp703\x64\release\engine-comp703.tlog\link.command.1.tlog
c:\users\alexe\documents\github\engine-comp703-alexemeny\engine-comp703\engine-comp703\x64\release\engine-comp703.tlog\link.read.1.tlog
c:\users\alexe\documents\github\engine-comp703-alexemeny\engine-comp703\engine-comp703\x64\release\engine-comp703.tlog\link.secondary.1.tlog
c:\users\alexe\documents\github\engine-comp703-alexemeny\engine-comp703\engine-comp703\x64\release\engine-comp703.tlog\link.write.1.tlog
