  Camera.cpp
C:\Users\alexe\Documents\GitHub\Custom-OpenGL-GameEngine\Engine-COMP703\Engine-COMP703\Graphics\Vbo.h(36,47): warning C4267: 'return': conversion from 'size_t' to 'int', possible loss of data
  Component.cpp
C:\Users\alexe\Documents\GitHub\Custom-OpenGL-GameEngine\Engine-COMP703\Engine-COMP703\Graphics\Vbo.h(36,47): warning C4267: 'return': conversion from 'size_t' to 'int', possible loss of data
  Core.cpp
C:\Users\alexe\Documents\GitHub\Custom-OpenGL-GameEngine\Engine-COMP703\Engine-COMP703\Graphics\Vbo.h(36,47): warning C4267: 'return': conversion from 'size_t' to 'int', possible loss of data
  Entity.cpp
  Environment.cpp
C:\Users\alexe\Documents\GitHub\Custom-OpenGL-GameEngine\Engine-COMP703\Engine-COMP703\GameEngine\Environment.cpp(54,10): warning C4244: 'return': conversion from 'const double' to 'float', possible loss of data
C:\Users\alexe\Documents\GitHub\Custom-OpenGL-GameEngine\Engine-COMP703\Engine-COMP703\GameEngine\Environment.cpp(64,10): warning C4244: 'return': conversion from 'const double' to 'float', possible loss of data
  Input.cpp
C:\Users\alexe\Documents\GitHub\Custom-OpenGL-GameEngine\Engine-COMP703\Engine-COMP703\Graphics\Vbo.h(36,47): warning C4267: 'return': conversion from 'size_t' to 'int', possible loss of data
C:\Users\alexe\Documents\GitHub\Custom-OpenGL-GameEngine\Engine-COMP703\Engine-COMP703\GameEngine\Input.cpp(78,35): warning C4101: 'e': unreferenced local variable
C:\Users\alexe\Documents\GitHub\Custom-OpenGL-GameEngine\Engine-COMP703\Engine-COMP703\GameEngine\Input.cpp(91,35): warning C4101: 'e': unreferenced local variable
C:\Users\alexe\Documents\GitHub\Custom-OpenGL-GameEngine\Engine-COMP703\Engine-COMP703\GameEngine\Input.cpp(188,49): warning C4244: 'argument': conversion from 'float' to 'int', possible loss of data
C:\Users\alexe\Documents\GitHub\Custom-OpenGL-GameEngine\Engine-COMP703\Engine-COMP703\GameEngine\Input.cpp(188,32): warning C4244: 'argument': conversion from 'float' to 'int', possible loss of data
  LineRenderer.cpp
C:\Users\alexe\Documents\GitHub\Custom-OpenGL-GameEngine\Engine-COMP703\Engine-COMP703\Graphics\Vbo.h(36,47): warning C4267: 'return': conversion from 'size_t' to 'int', possible loss of data
  main.cpp
C:\Users\alexe\Documents\GitHub\Custom-OpenGL-GameEngine\Engine-COMP703\Engine-COMP703\Graphics\Vbo.h(36,47): warning C4267: 'return': conversion from 'size_t' to 'int', possible loss of data
  ModelHandler.cpp
C:\Users\alexe\Documents\GitHub\Custom-OpenGL-GameEngine\Engine-COMP703\Engine-COMP703\Graphics\Vbo.h(36,47): warning C4267: 'return': conversion from 'size_t' to 'int', possible loss of data
  ModelResource.cpp
C:\Users\alexe\Documents\GitHub\Custom-OpenGL-GameEngine\Engine-COMP703\Engine-COMP703\Graphics\Vbo.h(36,47): warning C4267: 'return': conversion from 'size_t' to 'int', possible loss of data
  Module.cpp
C:\Users\alexe\Documents\GitHub\Custom-OpenGL-GameEngine\Engine-COMP703\Engine-COMP703\Graphics\Vbo.h(36,47): warning C4267: 'return': conversion from 'size_t' to 'int', possible loss of data
  ResourceParent.cpp
C:\Users\alexe\Documents\GitHub\Custom-OpenGL-GameEngine\Engine-COMP703\Engine-COMP703\Graphics\Vbo.h(36,47): warning C4267: 'return': conversion from 'size_t' to 'int', possible loss of data
  ShaderResource.cpp
C:\Users\alexe\Documents\GitHub\Custom-OpenGL-GameEngine\Engine-COMP703\Engine-COMP703\Graphics\Vbo.h(36,47): warning C4267: 'return': conversion from 'size_t' to 'int', possible loss of data
  TextureResource.cpp
C:\Users\alexe\Documents\GitHub\Custom-OpenGL-GameEngine\Engine-COMP703\Engine-COMP703\Graphics\Vbo.h(36,47): warning C4267: 'return': conversion from 'size_t' to 'int', possible loss of data
  Transform.cpp
  Window.cpp
C:\Users\alexe\Documents\GitHub\Custom-OpenGL-GameEngine\Engine-COMP703\Engine-COMP703\Graphics\Vbo.h(36,47): warning C4267: 'return': conversion from 'size_t' to 'int', possible loss of data
  CameraController.cpp
  Hierarchy.cpp
C:\Users\alexe\Documents\GitHub\Custom-OpenGL-GameEngine\Engine-COMP703\Engine-COMP703\Graphics\Vbo.h(36,47): warning C4267: 'return': conversion from 'size_t' to 'int', possible loss of data
  GraphicsModelHandler.cpp
  GraphicsShaderHandler.cpp
C:\Users\alexe\Documents\GitHub\Custom-OpenGL-GameEngine\Engine-COMP703\Engine-COMP703\Graphics\Vbo.h(36,47): warning C4267: 'return': conversion from 'size_t' to 'int', possible loss of data
C:\Users\alexe\Documents\GitHub\Custom-OpenGL-GameEngine\Engine-COMP703\Engine-COMP703\Graphics\GraphicsShaderHandler.cpp(150,58): warning C4267: 'argument': conversion from 'size_t' to 'GLsizei', possible loss of data
  Generating Code...
C:\Users\alexe\Documents\GitHub\Custom-OpenGL-GameEngine\Engine-COMP703\Engine-COMP703\GameEngine\Entity.h(49,1): warning C4715: 'GameEngine::Entity::findComponent<GameEngine::Transform>': not all control paths return a value
  Compiling...
  GraphicsTextureHandler.cpp
  Vao.cpp
C:\Users\alexe\Documents\GitHub\Custom-OpenGL-GameEngine\Engine-COMP703\Engine-COMP703\Graphics\Vbo.h(36,47): warning C4267: 'return': conversion from 'size_t' to 'int', possible loss of data
C:\Users\alexe\Documents\GitHub\Custom-OpenGL-GameEngine\Engine-COMP703\Engine-COMP703\Graphics\Vao.cpp(43,25): warning C4312: 'type cast': conversion from 'int' to 'void *' of greater size
C:\Users\alexe\Documents\GitHub\Custom-OpenGL-GameEngine\Engine-COMP703\Engine-COMP703\Graphics\Vao.cpp(38,25): warning C4267: 'argument': conversion from 'size_t' to 'GLuint', possible loss of data
C:\Users\alexe\Documents\GitHub\Custom-OpenGL-GameEngine\Engine-COMP703\Engine-COMP703\Graphics\Vao.cpp(45,47): warning C4267: 'argument': conversion from 'size_t' to 'GLuint', possible loss of data
  Vbo.cpp
C:\Users\alexe\Documents\GitHub\Custom-OpenGL-GameEngine\Engine-COMP703\Engine-COMP703\Graphics\Vbo.h(36,47): warning C4267: 'return': conversion from 'size_t' to 'int', possible loss of data
  BoxCollider.cpp
C:\Users\alexe\Documents\GitHub\Custom-OpenGL-GameEngine\Engine-COMP703\Engine-COMP703\Graphics\Vbo.h(36,47): warning C4267: 'return': conversion from 'size_t' to 'int', possible loss of data
  PhysicsComponent.cpp
  PhysicsCore.cpp
C:\Users\alexe\Documents\GitHub\Custom-OpenGL-GameEngine\Engine-COMP703\Engine-COMP703\Graphics\Vbo.h(36,47): warning C4267: 'return': conversion from 'size_t' to 'int', possible loss of data
  RigidBody.cpp
C:\Users\alexe\Documents\GitHub\Custom-OpenGL-GameEngine\Engine-COMP703\Engine-COMP703\Graphics\Vbo.h(36,47): warning C4267: 'return': conversion from 'size_t' to 'int', possible loss of data
  Generating Code...
C:\Users\alexe\Documents\GitHub\Custom-OpenGL-GameEngine\Engine-COMP703\Engine-COMP703\GameEngine\Entity.h(49,1): warning C4715: 'GameEngine::Entity::findComponent<PhysicsSystem::AABBCollider>': not all control paths return a value
C:\Users\alexe\Documents\GitHub\Custom-OpenGL-GameEngine\Engine-COMP703\Engine-COMP703\GameEngine\Entity.h(49,1): warning C4715: 'GameEngine::Entity::findComponent<PhysicsSystem::RigidBody>': not all control paths return a value
C:\Users\alexe\Documents\GitHub\Custom-OpenGL-GameEngine\Engine-COMP703\Engine-COMP703\GameEngine\Entity.h(49,1): warning C4715: 'GameEngine::Entity::findComponent<PhysicsSystem::RigidBody>': not all control paths return a value
  Engine-COMP703.vcxproj -> C:\Users\alexe\Documents\GitHub\Custom-OpenGL-GameEngine\Engine-COMP703\x64\Debug\Engine-COMP703.exe
