c:\users\alexe\documents\github\engine-comp703-alexemeny\engine-comp703\engine-comp703\x64\debug\vc143.pdb
c:\users\alexe\documents\github\engine-comp703-alexemeny\engine-comp703\engine-comp703\x64\debug\vc143.idb
c:\users\alexe\documents\github\engine-comp703-alexemeny\engine-comp703\engine-comp703\x64\debug\portalteleportationhandler.obj
c:\users\alexe\documents\github\engine-comp703-alexemeny\engine-comp703\engine-comp703\x64\debug\portal.obj
c:\users\alexe\documents\github\engine-comp703-alexemeny\engine-comp703\engine-comp703\x64\debug\hierarchy.obj
c:\users\alexe\documents\github\engine-comp703-alexemeny\engine-comp703\engine-comp703\x64\debug\cameracontroller.obj
c:\users\alexe\documents\github\engine-comp703-alexemeny\engine-comp703\engine-comp703\x64\debug\window.obj
c:\users\alexe\documents\github\engine-comp703-alexemeny\engine-comp703\engine-comp703\x64\debug\transform.obj
c:\users\alexe\documents\github\engine-comp703-alexemeny\engine-comp703\engine-comp703\x64\debug\textureresource.obj
c:\users\alexe\documents\github\engine-comp703-alexemeny\engine-comp703\engine-comp703\x64\debug\shaderresource.obj
c:\users\alexe\documents\github\engine-comp703-alexemeny\engine-comp703\engine-comp703\x64\debug\resourceparent.obj
c:\users\alexe\documents\github\engine-comp703-alexemeny\engine-comp703\engine-comp703\x64\debug\module.obj
c:\users\alexe\documents\github\engine-comp703-alexemeny\engine-comp703\engine-comp703\x64\debug\modelresource.obj
c:\users\alexe\documents\github\engine-comp703-alexemeny\engine-comp703\engine-comp703\x64\debug\modelhandler.obj
c:\users\alexe\documents\github\engine-comp703-alexemeny\engine-comp703\engine-comp703\x64\debug\main.obj
c:\users\alexe\documents\github\engine-comp703-alexemeny\engine-comp703\engine-comp703\x64\debug\linerenderer.obj
c:\users\alexe\documents\github\engine-comp703-alexemeny\engine-comp703\engine-comp703\x64\debug\input.obj
c:\users\alexe\documents\github\engine-comp703-alexemeny\engine-comp703\engine-comp703\x64\debug\environment.obj
c:\users\alexe\documents\github\engine-comp703-alexemeny\engine-comp703\engine-comp703\x64\debug\entity.obj
c:\users\alexe\documents\github\engine-comp703-alexemeny\engine-comp703\engine-comp703\x64\debug\core.obj
c:\users\alexe\documents\github\engine-comp703-alexemeny\engine-comp703\engine-comp703\x64\debug\component.obj
c:\users\alexe\documents\github\engine-comp703-alexemeny\engine-comp703\engine-comp703\x64\debug\camera.obj
c:\users\alexe\documents\github\engine-comp703-alexemeny\engine-comp703\engine-comp703\x64\debug\rigidbody.obj
c:\users\alexe\documents\github\engine-comp703-alexemeny\engine-comp703\engine-comp703\x64\debug\physicscore.obj
c:\users\alexe\documents\github\engine-comp703-alexemeny\engine-comp703\engine-comp703\x64\debug\physicscomponent.obj
c:\users\alexe\documents\github\engine-comp703-alexemeny\engine-comp703\engine-comp703\x64\debug\boxcollider.obj
c:\users\alexe\documents\github\engine-comp703-alexemeny\engine-comp703\engine-comp703\x64\debug\vbo.obj
c:\users\alexe\documents\github\engine-comp703-alexemeny\engine-comp703\engine-comp703\x64\debug\vao.obj
c:\users\alexe\documents\github\engine-comp703-alexemeny\engine-comp703\engine-comp703\x64\debug\graphicstexturehandler.obj
c:\users\alexe\documents\github\engine-comp703-alexemeny\engine-comp703\engine-comp703\x64\debug\graphicsshaderhandler.obj
c:\users\alexe\documents\github\engine-comp703-alexemeny\engine-comp703\engine-comp703\x64\debug\graphicsrendertexturehandler.obj
c:\users\alexe\documents\github\engine-comp703-alexemeny\engine-comp703\engine-comp703\x64\debug\graphicsmodelhandler.obj
c:\users\alexe\documents\github\engine-comp703-alexemeny\engine-comp703\x64\debug\engine-comp703.exe
c:\users\alexe\documents\github\engine-comp703-alexemeny\engine-comp703\x64\debug\engine-comp703.pdb
c:\users\alexe\documents\github\engine-comp703-alexemeny\engine-comp703\engine-comp703\x64\debug\engine-comp703.ilk
c:\users\alexe\documents\github\engine-comp703-alexemeny\engine-comp703\engine-comp703\x64\debug\engine-comp703.tlog\cl.command.1.tlog
c:\users\alexe\documents\github\engine-comp703-alexemeny\engine-comp703\engine-comp703\x64\debug\engine-comp703.tlog\cl.items.tlog
c:\users\alexe\documents\github\engine-comp703-alexemeny\engine-comp703\engine-comp703\x64\debug\engine-comp703.tlog\cl.read.1.tlog
c:\users\alexe\documents\github\engine-comp703-alexemeny\engine-comp703\engine-comp703\x64\debug\engine-comp703.tlog\cl.write.1.tlog
c:\users\alexe\documents\github\engine-comp703-alexemeny\engine-comp703\engine-comp703\x64\debug\engine-comp703.tlog\link.command.1.tlog
c:\users\alexe\documents\github\engine-comp703-alexemeny\engine-comp703\engine-comp703\x64\debug\engine-comp703.tlog\link.read.1.tlog
c:\users\alexe\documents\github\engine-comp703-alexemeny\engine-comp703\engine-comp703\x64\debug\engine-comp703.tlog\link.secondary.1.tlog
c:\users\alexe\documents\github\engine-comp703-alexemeny\engine-comp703\engine-comp703\x64\debug\engine-comp703.tlog\link.write.1.tlog
